SF:lib/features/auth/presentation/bloc/auth_bloc.dart
DA:9,3
DA:10,2
DA:11,4
DA:14,1
DA:18,2
DA:19,4
DA:21,2
DA:23,2
LF:8
LH:8
end_of_record
SF:lib/features/auth/presentation/bloc/auth_event.dart
DA:4,1
DA:5,1
DA:13,2
DA:16,0
DA:17,0
LF:5
LH:3
end_of_record
SF:lib/features/auth/presentation/bloc/auth_state.dart
DA:4,1
DA:5,1
DA:16,2
DA:18,1
DA:19,2
LF:5
LH:5
end_of_record
SF:lib/widgets/logout_button.dart
DA:7,5
DA:9,3
DA:11,3
DA:14,1
DA:15,1
DA:17,2
DA:18,1
DA:19,1
DA:21,1
DA:23,1
DA:25,1
DA:40,1
DA:41,1
DA:42,1
DA:43,1
DA:44,2
DA:45,1
DA:46,1
DA:47,1
DA:53,1
DA:54,1
DA:55,2
DA:56,1
DA:58,1
DA:59,1
DA:75,1
DA:76,3
LF:27
LH:27
end_of_record
SF:lib/features/auth/domain/entities/user.dart
DA:4,1
LF:1
LH:1
end_of_record
SF:lib/features/auth/domain/usecases/login_usecase.dart
DA:7,1
DA:9,1
DA:10,2
LF:3
LH:3
end_of_record
SF:lib/features/dashboard/presentation/bloc/balance_bloc.dart
DA:6,4
DA:7,4
DA:8,10
LF:3
LH:3
end_of_record
SF:lib/features/dashboard/presentation/bloc/balance_event.dart
DA:4,0
DA:5,0
LF:2
LH:0
end_of_record
SF:lib/features/dashboard/presentation/bloc/balance_state.dart
DA:7,5
DA:9,2
DA:10,2
DA:11,2
DA:12,0
DA:16,2
DA:17,6
LF:7
LH:6
end_of_record
SF:lib/features/dashboard/presentation/screens/dashboard_screen.dart
DA:12,1
DA:14,1
DA:16,1
DA:17,2
DA:18,1
DA:20,1
DA:30,1
DA:31,1
DA:33,1
DA:35,1
DA:36,1
DA:37,1
DA:38,1
DA:40,1
DA:41,1
DA:42,1
DA:44,1
DA:46,1
DA:47,1
DA:48,1
DA:50,3
DA:56,1
DA:57,1
DA:58,1
DA:62,1
DA:64,1
DA:65,1
DA:66,2
DA:74,1
DA:77,1
DA:78,0
DA:79,1
DA:81,1
DA:82,1
DA:92,1
DA:95,1
DA:96,0
DA:97,0
DA:98,1
DA:99,1
DA:101,1
DA:102,1
LF:42
LH:39
end_of_record
SF:lib/core/network/dio_client.dart
DA:6,0
DA:7,0
DA:9,0
DA:14,0
DA:15,0
DA:16,0
DA:21,1
LF:7
LH:1
end_of_record
SF:lib/features/send_money/presentation/bloc/send_money_bloc.dart
DA:10,1
DA:11,0
DA:12,2
DA:13,2
DA:16,1
DA:20,2
DA:22,2
DA:24,1
DA:26,1
DA:27,1
DA:29,2
DA:30,2
DA:32,2
DA:35,4
LF:14
LH:13
end_of_record
SF:lib/features/send_money/presentation/bloc/send_money_event.dart
DA:4,0
DA:5,0
DA:10,1
DA:12,0
DA:13,0
LF:5
LH:1
end_of_record
SF:lib/features/send_money/presentation/bloc/send_money_state.dart
DA:4,1
DA:5,1
DA:16,1
DA:18,1
DA:19,2
LF:5
LH:5
end_of_record
SF:lib/features/transactions/data/models/transaction_model.dart
DA:7,1
DA:14,0
DA:15,0
DA:16,0
DA:17,0
DA:18,0
DA:19,0
LF:7
LH:1
end_of_record
SF:lib/features/transactions/presentation/bloc/transaction_bloc.dart
DA:9,0
DA:10,0
DA:13,0
DA:17,0
DA:19,0
DA:20,0
DA:21,0
DA:22,0
DA:23,0
DA:25,0
LF:10
LH:0
end_of_record
SF:lib/features/transactions/presentation/bloc/transaction_event.dart
DA:4,0
DA:5,0
LF:2
LH:0
end_of_record
SF:lib/features/transactions/presentation/bloc/transaction_state.dart
DA:5,0
DA:6,0
DA:15,1
DA:17,0
DA:18,0
DA:23,1
DA:25,0
DA:26,0
LF:8
LH:2
end_of_record
SF:lib/features/transactions/presentation/screens/transactions_screen.dart
DA:13,1
DA:15,1
DA:17,1
DA:18,4
DA:19,1
DA:21,1
DA:31,1
DA:32,1
DA:33,1
DA:35,1
DA:36,2
DA:44,1
DA:46,2
DA:47,1
DA:48,1
DA:49,2
DA:50,1
DA:52,1
DA:53,1
DA:54,1
DA:56,1
DA:57,1
DA:58,1
DA:60,2
DA:63,1
DA:64,1
DA:66,1
DA:67,1
DA:68,1
DA:75,1
DA:76,1
DA:90,1
DA:91,1
DA:92,1
DA:93,1
LF:35
LH:35
end_of_record
SF:lib/features/auth/presentation/screens/login_screen.dart
DA:8,1
DA:10,1
DA:11,1
DA:18,1
DA:19,3
DA:20,1
DA:21,3
DA:22,3
DA:27,1
DA:29,1
DA:31,1
DA:32,1
DA:33,1
DA:34,1
DA:35,1
DA:36,2
DA:37,3
DA:41,1
DA:42,1
DA:43,1
DA:45,1
DA:46,1
DA:47,1
DA:49,1
DA:66,1
DA:67,1
DA:68,1
DA:71,1
DA:74,1
DA:75,1
DA:81,1
DA:82,1
DA:84,1
DA:87,1
DA:90,1
DA:91,1
DA:97,1
DA:99,1
DA:102,1
DA:104,1
DA:105,1
DA:107,1
DA:108,1
LF:43
LH:43
end_of_record
